Using pre-set license
Built from '2020.3/staging' branch; Version is '2020.3.0f1 (c7b5465681fb) revision 13088070'; Using compiler version '192528614'; Build Type 'Release'
OS: 'Windows 10 Home; OS build 19042.1586; Version 2009; 64bit' Language: 'ja' Physical Memory: 16205 MB
BatchMode: 1, IsHumanControllingUs: 0, StartBugReporterOnCrash: 0, Is64bit: 1, IsPro: 0

 COMMAND LINE ARGUMENTS:
C:\Program Files\Unity\Hub\Editor\2020.3.0f1\Editor\Unity.exe
-adb2
-batchMode
-noUpm
-name
AssetImportWorker0
-projectPath
C:/Gitコピー/GAMETAISYOU
-logFile
Logs/AssetImportWorker0.log
-srvPort
54780
Successfully changed project path to: C:/Gitコピー/GAMETAISYOU
C:/Gitコピー/GAMETAISYOU
Using Asset Import Pipeline V2.
Refreshing native plugins compatible for Editor in 37.57 ms, found 1 plugins.
Preloading 0 native plugins for Editor in 0.00 ms.
Initialize engine version: 2020.3.0f1 (c7b5465681fb)
[Subsystems] Discovering subsystems at path C:/Program Files/Unity/Hub/Editor/2020.3.0f1/Editor/Data/Resources/UnitySubsystems
[Subsystems] Discovering subsystems at path C:/Gitコピー/GAMETAISYOU/Assets
GfxDevice: creating device client; threaded=0
Direct3D:
    Version:  Direct3D 11.0 [level 11.1]
    Renderer: NVIDIA GeForce RTX 3060 Laptop GPU (ID=0x2520)
    Vendor:   
    VRAM:     6023 MB
    Driver:   30.0.14.9717
Initialize mono
Mono path[0] = 'C:/Program Files/Unity/Hub/Editor/2020.3.0f1/Editor/Data/Managed'
Mono path[1] = 'C:/Program Files/Unity/Hub/Editor/2020.3.0f1/Editor/Data/MonoBleedingEdge/lib/mono/unityjit'
Mono config path = 'C:/Program Files/Unity/Hub/Editor/2020.3.0f1/Editor/Data/MonoBleedingEdge/etc'
Using monoOptions --debugger-agent=transport=dt_socket,embedding=1,server=y,suspend=n,address=127.0.0.1:56668
Begin MonoManager ReloadAssembly
Registering precompiled unity dll's ...
Register platform support module: C:/Program Files/Unity/Hub/Editor/2020.3.0f1/Editor/Data/PlaybackEngines/WindowsStandaloneSupport/UnityEditor.WindowsStandalone.Extensions.dll
Registered in 0.002189 seconds.
Native extension for WindowsStandalone target not found
Refreshing native plugins compatible for Editor in 39.20 ms, found 1 plugins.
Preloading 0 native plugins for Editor in 0.00 ms.
Invoked RoslynAnalysisRunner static constructor.
RoslynAnalysisRunner will not be running.
RoslynAnalysisRunner has terminated.
Mono: successfully reloaded assembly
- Completed reload, in  1.081 seconds
Platform modules already initialized, skipping
Registering precompiled user dll's ...
Registered in 0.001744 seconds.
Begin MonoManager ReloadAssembly
Native extension for WindowsStandalone target not found
Refreshing native plugins compatible for Editor in 35.71 ms, found 1 plugins.
Preloading 0 native plugins for Editor in 0.00 ms.
Invoked RoslynAnalysisRunner static constructor.
RoslynAnalysisRunner will not be running.
RoslynAnalysisRunner has terminated.
Mono: successfully reloaded assembly
- Completed reload, in  0.961 seconds
Platform modules already initialized, skipping
========================================================================
Worker process is ready to serve import requests
Launched and connected shader compiler UnityShaderCompiler.exe after 0.09 seconds
Refreshing native plugins compatible for Editor in 0.37 ms, found 1 plugins.
Preloading 0 native plugins for Editor in 0.00 ms.
Unloading 1864 Unused Serialized files (Serialized files now loaded: 0)
System memory in use before: 85.9 MB.
System memory in use after: 85.9 MB.

Unloading 24 unused Assets to reduce memory usage. Loaded Objects now: 2306.
Total: 2.336600 ms (FindLiveObjects: 0.251200 ms CreateObjectMapping: 0.168700 ms MarkObjects: 1.776600 ms  DeleteObjects: 0.138800 ms)

AssetImportParameters requested are different than current active one (requested -> active):
  requireTextureImportCompression: false -> true
========================================================================
Received Import Request.
  path: Assets/BallMaterial.mat
  artifactKey: Guid(73b37069ac505e54caa567855eb69e6d) Importer(815301076,1909f56bfc062723c751e8b465ee728b)
Start importing Assets/BallMaterial.mat using Guid(73b37069ac505e54caa567855eb69e6d) Importer(815301076,1909f56bfc062723c751e8b465ee728b)  -> (artifact id: '73a678f64a968e19914190a2567c43c0') in 0.182979 seconds
  Import took 0.186237 seconds .

========================================================================
Received Import Request.
  Time since last request: 0.000196 seconds.
  path: Assets/Net Material.mat
  artifactKey: Guid(34427228dec1ae04fb720ee63cebf5ea) Importer(815301076,1909f56bfc062723c751e8b465ee728b)
Start importing Assets/Net Material.mat using Guid(34427228dec1ae04fb720ee63cebf5ea) Importer(815301076,1909f56bfc062723c751e8b465ee728b)  -> (artifact id: 'caf70fc29dfdabd6949d62ba47b4c4bb') in 0.012141 seconds
  Import took 0.014760 seconds .

========================================================================
Received Import Request.
  Time since last request: 0.000166 seconds.
  path: Assets/SingleCubeMini_2D.prefab
  artifactKey: Guid(9bf9b30a2aef9fa43be914070f036f51) Importer(815301076,1909f56bfc062723c751e8b465ee728b)
Start importing Assets/SingleCubeMini_2D.prefab using Guid(9bf9b30a2aef9fa43be914070f036f51) Importer(815301076,1909f56bfc062723c751e8b465ee728b)  -> (artifact id: '0b144f668f21239bc28ef0a5df774df8') in 0.026880 seconds
  Import took 0.029773 seconds .

========================================================================
Received Import Request.
  Time since last request: 0.000158 seconds.
  path: Assets/CubeMini_Mass.prefab
  artifactKey: Guid(eb55fa60311e46a4ca47cc72469576e2) Importer(815301076,1909f56bfc062723c751e8b465ee728b)
Start importing Assets/CubeMini_Mass.prefab using Guid(eb55fa60311e46a4ca47cc72469576e2) Importer(815301076,1909f56bfc062723c751e8b465ee728b)  -> (artifact id: '2a5454c63e02fa9a3c6f2c4eb2a78377') in 0.011758 seconds
  Import took 0.015371 seconds .

========================================================================
Received Import Request.
  Time since last request: 0.000167 seconds.
  path: Assets/BallMaterial.mat
  artifactKey: Guid(73b37069ac505e54caa567855eb69e6d) Importer(815301076,1909f56bfc062723c751e8b465ee728b)
Start importing Assets/BallMaterial.mat using Guid(73b37069ac505e54caa567855eb69e6d) Importer(815301076,1909f56bfc062723c751e8b465ee728b)  -> (artifact id: '73a678f64a968e19914190a2567c43c0') in 0.010146 seconds
  Import took 0.013709 seconds .

========================================================================
Received Import Request.
  Time since last request: 0.000229 seconds.
  path: Assets/ReboundBall.png
  artifactKey: Guid(c6f79c2946f1fa3459ef7b61a04575fc) Importer(815301076,1909f56bfc062723c751e8b465ee728b)
Start importing Assets/ReboundBall.png using Guid(c6f79c2946f1fa3459ef7b61a04575fc) Importer(815301076,1909f56bfc062723c751e8b465ee728b)  -> (artifact id: '167b1e306e8c27816ea9473e4a22a9b8') in 0.113075 seconds
  Import took 0.116898 seconds .

========================================================================
Received Import Request.
  Time since last request: 0.000200 seconds.
  path: Assets/BallPrefab.prefab
  artifactKey: Guid(2b5323bbb111969479173ed2af7d0981) Importer(815301076,1909f56bfc062723c751e8b465ee728b)
Start importing Assets/BallPrefab.prefab using Guid(2b5323bbb111969479173ed2af7d0981) Importer(815301076,1909f56bfc062723c751e8b465ee728b)  -> (artifact id: '36cb9f725166555b9cd0f4678e909395') in 0.011325 seconds
  Import took 0.014522 seconds .

========================================================================
Received Import Request.
  Time since last request: 0.000262 seconds.
  path: Assets/CubeVeryMini.prefab
  artifactKey: Guid(8a8b75660e7b1cb43aef7b8a288775d5) Importer(815301076,1909f56bfc062723c751e8b465ee728b)
Start importing Assets/CubeVeryMini.prefab using Guid(8a8b75660e7b1cb43aef7b8a288775d5) Importer(815301076,1909f56bfc062723c751e8b465ee728b)  -> (artifact id: 'b8703f13a9e4b61e839cff0911512346') in 0.010869 seconds
  Import took 0.014340 seconds .

========================================================================
Received Import Request.
  Time since last request: 0.000210 seconds.
  path: Assets/CubeMini_2D.prefab
  artifactKey: Guid(ab1c67ac25330c14a83da215b9f54c08) Importer(815301076,1909f56bfc062723c751e8b465ee728b)
Start importing Assets/CubeMini_2D.prefab using Guid(ab1c67ac25330c14a83da215b9f54c08) Importer(815301076,1909f56bfc062723c751e8b465ee728b)  -> (artifact id: 'e15e70368d6f0f19f2133305b6134365') in 0.011952 seconds
  Import took 0.015547 seconds .

========================================================================
Received Import Request.
  Time since last request: 0.004873 seconds.
  path: Assets/CubeMini_2D.prefab
  artifactKey: Guid(ab1c67ac25330c14a83da215b9f54c08) Importer(815301076,1909f56bfc062723c751e8b465ee728b)
Start importing Assets/CubeMini_2D.prefab using Guid(ab1c67ac25330c14a83da215b9f54c08) Importer(815301076,1909f56bfc062723c751e8b465ee728b)  -> (artifact id: 'e15e70368d6f0f19f2133305b6134365') in 0.010647 seconds
  Import took 0.014098 seconds .

========================================================================
Received Prepare
Registering precompiled user dll's ...
Registered in 0.001742 seconds.
Begin MonoManager ReloadAssembly
Native extension for WindowsStandalone target not found
Refreshing native plugins compatible for Editor in 0.41 ms, found 1 plugins.
Preloading 0 native plugins for Editor in 0.00 ms.
Invoked RoslynAnalysisRunner static constructor.
RoslynAnalysisRunner will not be running.
RoslynAnalysisRunner has terminated.
Mono: successfully reloaded assembly
- Completed reload, in  0.959 seconds
Platform modules already initialized, skipping
Refreshing native plugins compatible for Editor in 0.44 ms, found 1 plugins.
Preloading 0 native plugins for Editor in 0.00 ms.
Unloading 1859 Unused Serialized files (Serialized files now loaded: 0)
System memory in use before: 89.3 MB.
System memory in use after: 89.3 MB.

Unloading 12 unused Assets to reduce memory usage. Loaded Objects now: 2352.
Total: 2.156000 ms (FindLiveObjects: 0.195600 ms CreateObjectMapping: 0.085600 ms MarkObjects: 1.745000 ms  DeleteObjects: 0.128400 ms)

AssetImportParameters requested are different than current active one (requested -> active):
  requireTextureImportCompression: false -> true
========================================================================
Received Prepare
Registering precompiled user dll's ...
Registered in 0.001460 seconds.
Begin MonoManager ReloadAssembly
Native extension for WindowsStandalone target not found
Refreshing native plugins compatible for Editor in 37.97 ms, found 1 plugins.
Preloading 0 native plugins for Editor in 0.00 ms.
Invoked RoslynAnalysisRunner static constructor.
RoslynAnalysisRunner will not be running.
RoslynAnalysisRunner has terminated.
Mono: successfully reloaded assembly
- Completed reload, in  0.897 seconds
Platform modules already initialized, skipping
Refreshing native plugins compatible for Editor in 0.38 ms, found 1 plugins.
Preloading 0 native plugins for Editor in 0.00 ms.
Unloading 2155 Unused Serialized files (Serialized files now loaded: 0)
System memory in use before: 99.7 MB.
System memory in use after: 99.7 MB.

Unloading 12 unused Assets to reduce memory usage. Loaded Objects now: 2654.
Total: 2.031000 ms (FindLiveObjects: 0.212900 ms CreateObjectMapping: 0.094400 ms MarkObjects: 1.628000 ms  DeleteObjects: 0.094600 ms)

AssetImportParameters requested are different than current active one (requested -> active):
  requireTextureImportCompression: false -> true
========================================================================
Received Import Request.
  Time since last request: 1916.283635 seconds.
  path: Assets/Slime
  artifactKey: Guid(c4a4b12354995fc43b3b5fbe4aa6384b) Importer(815301076,1909f56bfc062723c751e8b465ee728b)
Start importing Assets/Slime using Guid(c4a4b12354995fc43b3b5fbe4aa6384b) Importer(815301076,1909f56bfc062723c751e8b465ee728b)  -> (artifact id: '5028a03b6832420fa285af3a7f315300') in 0.005522 seconds
  Import took 0.008620 seconds .

========================================================================
Received Import Request.
  Time since last request: 0.004299 seconds.
  path: Assets/Slime
  artifactKey: Guid(c4a4b12354995fc43b3b5fbe4aa6384b) Importer(815301076,1909f56bfc062723c751e8b465ee728b)
Start importing Assets/Slime using Guid(c4a4b12354995fc43b3b5fbe4aa6384b) Importer(815301076,1909f56bfc062723c751e8b465ee728b)  -> (artifact id: '5028a03b6832420fa285af3a7f315300') in 0.003810 seconds
  Import took 0.006744 seconds .

========================================================================
Received Import Request.
  Time since last request: 0.041391 seconds.
  path: Assets/Slime/Slime.prefab
  artifactKey: Guid(819a48a37165e2b49a095b5600e6acbd) Importer(815301076,1909f56bfc062723c751e8b465ee728b)
Start importing Assets/Slime/Slime.prefab using Guid(819a48a37165e2b49a095b5600e6acbd) Importer(815301076,1909f56bfc062723c751e8b465ee728b)  -> (artifact id: '6b2f2e19aa79e482cc85d359200a6a09') in 0.052850 seconds
  Import took 0.056038 seconds .

========================================================================
Received Import Request.
  Time since last request: 0.000150 seconds.
  path: Assets/Slime/SlimeBuffer.prefab
  artifactKey: Guid(4b4798d6a1568a54b9fa2384370ef5d8) Importer(815301076,1909f56bfc062723c751e8b465ee728b)
Start importing Assets/Slime/SlimeBuffer.prefab using Guid(4b4798d6a1568a54b9fa2384370ef5d8) Importer(815301076,1909f56bfc062723c751e8b465ee728b)  -> (artifact id: '7f87fefa66f220678ec19e6046508ff6') in 0.005448 seconds
  Import took 0.008566 seconds .

========================================================================
Received Prepare
Registering precompiled user dll's ...
Registered in 0.001801 seconds.
Begin MonoManager ReloadAssembly
Native extension for WindowsStandalone target not found
Refreshing native plugins compatible for Editor in 0.61 ms, found 1 plugins.
Preloading 0 native plugins for Editor in 0.00 ms.
Invoked RoslynAnalysisRunner static constructor.
RoslynAnalysisRunner will not be running.
RoslynAnalysisRunner has terminated.
Mono: successfully reloaded assembly
- Completed reload, in  0.807 seconds
Platform modules already initialized, skipping
Refreshing native plugins compatible for Editor in 0.38 ms, found 1 plugins.
Preloading 0 native plugins for Editor in 0.00 ms.
Unloading 2155 Unused Serialized files (Serialized files now loaded: 0)
System memory in use before: 99.9 MB.
System memory in use after: 99.9 MB.

Unloading 12 unused Assets to reduce memory usage. Loaded Objects now: 2659.
Total: 1.955600 ms (FindLiveObjects: 0.293400 ms CreateObjectMapping: 0.107900 ms MarkObjects: 1.466100 ms  DeleteObjects: 0.087200 ms)

AssetImportParameters requested are different than current active one (requested -> active):
  requireTextureImportCompression: false -> true
========================================================================
Received Import Request.
  Time since last request: 157.918739 seconds.
  path: Assets/Shimokawa
  artifactKey: Guid(c3e6b6a9d6eb3104bb4fc41577a3f08b) Importer(815301076,1909f56bfc062723c751e8b465ee728b)
Start importing Assets/Shimokawa using Guid(c3e6b6a9d6eb3104bb4fc41577a3f08b) Importer(815301076,1909f56bfc062723c751e8b465ee728b)  -> (artifact id: '2b210bfc8a11172f136c0fdc4e2e7e1a') in 0.006589 seconds
  Import took 0.009501 seconds .

========================================================================
Received Import Request.
  Time since last request: 1.354599 seconds.
  path: Assets/Komatsu
  artifactKey: Guid(77e8e78344d343148ad616cb00fefdb3) Importer(815301076,1909f56bfc062723c751e8b465ee728b)
Start importing Assets/Komatsu using Guid(77e8e78344d343148ad616cb00fefdb3) Importer(815301076,1909f56bfc062723c751e8b465ee728b)  -> (artifact id: '3448213ab8d7b54b80a9eee2ae72717f') in 0.004510 seconds
  Import took 0.007741 seconds .

========================================================================
Received Import Request.
  Time since last request: 0.704567 seconds.
  path: Assets/Hosoya
  artifactKey: Guid(99bc89ec743140a419bd67d3c98a3fc8) Importer(815301076,1909f56bfc062723c751e8b465ee728b)
Start importing Assets/Hosoya using Guid(99bc89ec743140a419bd67d3c98a3fc8) Importer(815301076,1909f56bfc062723c751e8b465ee728b)  -> (artifact id: 'fc2f5c3ab90f9bb7002d2e8bda755298') in 0.004589 seconds
  Import took 0.007716 seconds .

========================================================================
Received Import Request.
  Time since last request: 0.292484 seconds.
  path: Assets/jyo
  artifactKey: Guid(4418afb4482ec334d8697a554820dcd1) Importer(815301076,1909f56bfc062723c751e8b465ee728b)
Start importing Assets/jyo using Guid(4418afb4482ec334d8697a554820dcd1) Importer(815301076,1909f56bfc062723c751e8b465ee728b)  -> (artifact id: '4b250736ecad2e19104309f48c0c2f38') in 0.004666 seconds
  Import took 0.008058 seconds .

========================================================================
Received Import Request.
  Time since last request: 9.031006 seconds.
  path: Assets/Slime/Script
  artifactKey: Guid(12385997bb82c03459e09c3be3f3f681) Importer(815301076,1909f56bfc062723c751e8b465ee728b)
Start importing Assets/Slime/Script using Guid(12385997bb82c03459e09c3be3f3f681) Importer(815301076,1909f56bfc062723c751e8b465ee728b)  -> (artifact id: '14ca77c325c91b1a285f14d365bd997a') in 0.004649 seconds
  Import took 0.007914 seconds .

========================================================================
Received Import Request.
  Time since last request: 0.752721 seconds.
  path: Assets/Slime/Script/ReloadScene.cs
  artifactKey: Guid(cd29b605ac1e94340b68f7b5c8b9e355) Importer(815301076,1909f56bfc062723c751e8b465ee728b)
Start importing Assets/Slime/Script/ReloadScene.cs using Guid(cd29b605ac1e94340b68f7b5c8b9e355) Importer(815301076,1909f56bfc062723c751e8b465ee728b)  -> (artifact id: 'bcf3eb7781dc3e1382548bb2d28f8a6c') in 0.013521 seconds
  Import took 0.016481 seconds .

========================================================================
Received Import Request.
  Time since last request: 19.757014 seconds.
  path: Assets/Hosoya/BalanceScales Ver2
  artifactKey: Guid(de394616d55a0b841a21758800ab1fc8) Importer(815301076,1909f56bfc062723c751e8b465ee728b)
Start importing Assets/Hosoya/BalanceScales Ver2 using Guid(de394616d55a0b841a21758800ab1fc8) Importer(815301076,1909f56bfc062723c751e8b465ee728b)  -> (artifact id: '10a8bf55ef377a6042642a9c4970eefc') in 0.004144 seconds
  Import took 0.007497 seconds .

========================================================================
Received Import Request.
  Time since last request: 2.230547 seconds.
  path: Assets/Hosoya/BalanceScales Ver2/BalanceScaleStringMaterial.mat
  artifactKey: Guid(fbd69ab71620ab24c8f57b8709baf074) Importer(815301076,1909f56bfc062723c751e8b465ee728b)
Start importing Assets/Hosoya/BalanceScales Ver2/BalanceScaleStringMaterial.mat using Guid(fbd69ab71620ab24c8f57b8709baf074) Importer(815301076,1909f56bfc062723c751e8b465ee728b)  -> (artifact id: '0b95a512287df6e1cde4bc17e48d783a') in 0.069194 seconds
  Import took 0.072645 seconds .

========================================================================
Received Import Request.
  Time since last request: 1.158221 seconds.
  path: Assets/Hosoya/BalanceScales Ver2/BalanceScales Ver2.unity
  artifactKey: Guid(7a0d1057d90a9d54b99fc5a8037b7c69) Importer(815301076,1909f56bfc062723c751e8b465ee728b)
Start importing Assets/Hosoya/BalanceScales Ver2/BalanceScales Ver2.unity using Guid(7a0d1057d90a9d54b99fc5a8037b7c69) Importer(815301076,1909f56bfc062723c751e8b465ee728b)  -> (artifact id: '6aa7b585dd78c632319efe50b9ab6b6f') in 0.005095 seconds
  Import took 0.008064 seconds .

========================================================================
Received Prepare
Registering precompiled user dll's ...
Registered in 0.001937 seconds.
Begin MonoManager ReloadAssembly
Native extension for WindowsStandalone target not found
Refreshing native plugins compatible for Editor in 0.49 ms, found 1 plugins.
Preloading 0 native plugins for Editor in 0.00 ms.
Invoked RoslynAnalysisRunner static constructor.
RoslynAnalysisRunner will not be running.
RoslynAnalysisRunner has terminated.
Mono: successfully reloaded assembly
- Completed reload, in  0.963 seconds
Platform modules already initialized, skipping
Refreshing native plugins compatible for Editor in 0.44 ms, found 1 plugins.
Preloading 0 native plugins for Editor in 0.00 ms.
Unloading 2155 Unused Serialized files (Serialized files now loaded: 0)
System memory in use before: 99.9 MB.
System memory in use after: 99.9 MB.

Unloading 12 unused Assets to reduce memory usage. Loaded Objects now: 2664.
Total: 2.534500 ms (FindLiveObjects: 0.445000 ms CreateObjectMapping: 0.217000 ms MarkObjects: 1.766300 ms  DeleteObjects: 0.104900 ms)

AssetImportParameters requested are different than current active one (requested -> active):
  requireTextureImportCompression: false -> true
========================================================================
Received Import Request.
  Time since last request: 149.309921 seconds.
  path: Assets/Hosoya/Coalescence
  artifactKey: Guid(95dcfaec0babc524eb79069e2e70244f) Importer(815301076,1909f56bfc062723c751e8b465ee728b)
Start importing Assets/Hosoya/Coalescence using Guid(95dcfaec0babc524eb79069e2e70244f) Importer(815301076,1909f56bfc062723c751e8b465ee728b)  -> (artifact id: 'bdb6f016761baeabe36a42683b15e22a') in 0.008183 seconds
  Import took 0.011758 seconds .

========================================================================
Received Import Request.
  Time since last request: 1.076325 seconds.
  path: Assets/Hosoya/Coalescence/Coalescence.unity
  artifactKey: Guid(fe8f1a76a51c9c84b9ccdf5092a6b087) Importer(815301076,1909f56bfc062723c751e8b465ee728b)
Start importing Assets/Hosoya/Coalescence/Coalescence.unity using Guid(fe8f1a76a51c9c84b9ccdf5092a6b087) Importer(815301076,1909f56bfc062723c751e8b465ee728b)  -> (artifact id: 'ef8ab1cb2b51a4f565610777393bb297') in 0.010438 seconds
  Import took 0.013686 seconds .

========================================================================
Received Import Request.
  Time since last request: 10.415902 seconds.
  path: Assets/Shimokawa/WallControll.cs
  artifactKey: Guid(894391aff60577f45838c8fe984d2f50) Importer(815301076,1909f56bfc062723c751e8b465ee728b)
Start importing Assets/Shimokawa/WallControll.cs using Guid(894391aff60577f45838c8fe984d2f50) Importer(815301076,1909f56bfc062723c751e8b465ee728b)  -> (artifact id: '5a48a424e2320cd8fda42b3f0b44a549') in 0.004217 seconds
  Import took 0.007591 seconds .

========================================================================
Received Import Request.
  Time since last request: 0.003938 seconds.
  path: Assets/Shimokawa/WallControll.cs
  artifactKey: Guid(894391aff60577f45838c8fe984d2f50) Importer(815301076,1909f56bfc062723c751e8b465ee728b)
Start importing Assets/Shimokawa/WallControll.cs using Guid(894391aff60577f45838c8fe984d2f50) Importer(815301076,1909f56bfc062723c751e8b465ee728b)  -> (artifact id: '5a48a424e2320cd8fda42b3f0b44a549') in 0.004561 seconds
  Import took 0.007515 seconds .

========================================================================
Received Prepare
Registering precompiled user dll's ...
Registered in 0.001295 seconds.
Begin MonoManager ReloadAssembly
Native extension for WindowsStandalone target not found
Refreshing native plugins compatible for Editor in 0.38 ms, found 1 plugins.
Preloading 0 native plugins for Editor in 0.00 ms.
Invoked RoslynAnalysisRunner static constructor.
RoslynAnalysisRunner will not be running.
RoslynAnalysisRunner has terminated.
Mono: successfully reloaded assembly
- Completed reload, in  0.816 seconds
Platform modules already initialized, skipping
Refreshing native plugins compatible for Editor in 0.38 ms, found 1 plugins.
Preloading 0 native plugins for Editor in 0.00 ms.
Unloading 2155 Unused Serialized files (Serialized files now loaded: 0)
System memory in use before: 99.9 MB.
System memory in use after: 99.9 MB.

Unloading 12 unused Assets to reduce memory usage. Loaded Objects now: 2668.
Total: 2.287400 ms (FindLiveObjects: 0.425700 ms CreateObjectMapping: 0.164400 ms MarkObjects: 1.603200 ms  DeleteObjects: 0.093200 ms)

AssetImportParameters requested are different than current active one (requested -> active):
  requireTextureImportCompression: false -> true
========================================================================
Received Import Request.
  Time since last request: 695.237978 seconds.
  path: Assets/Shimokawa/Prefubs
  artifactKey: Guid(f6fb2820614726b4d9dd79663f0892ae) Importer(815301076,1909f56bfc062723c751e8b465ee728b)
Start importing Assets/Shimokawa/Prefubs using Guid(f6fb2820614726b4d9dd79663f0892ae) Importer(815301076,1909f56bfc062723c751e8b465ee728b)  -> (artifact id: '355869da9b59b4eb5410c53876f967d6') in 0.007904 seconds
  Import took 0.010976 seconds .

========================================================================
Received Import Request.
  Time since last request: 5.886840 seconds.
  path: Assets/Slime/SlimeTest.unity
  artifactKey: Guid(855ec0ed05e729c40a5483232848b6c2) Importer(815301076,1909f56bfc062723c751e8b465ee728b)
Start importing Assets/Slime/SlimeTest.unity using Guid(855ec0ed05e729c40a5483232848b6c2) Importer(815301076,1909f56bfc062723c751e8b465ee728b)  -> (artifact id: 'bc813201032edc3ab9ad1547c9c04cf7') in 0.010508 seconds
  Import took 0.013889 seconds .

========================================================================
Received Prepare
Registering precompiled user dll's ...
Registered in 0.001511 seconds.
Begin MonoManager ReloadAssembly
Native extension for WindowsStandalone target not found
Refreshing native plugins compatible for Editor in 0.56 ms, found 1 plugins.
Preloading 0 native plugins for Editor in 0.00 ms.
Invoked RoslynAnalysisRunner static constructor.
RoslynAnalysisRunner will not be running.
RoslynAnalysisRunner has terminated.
Mono: successfully reloaded assembly
- Completed reload, in  0.878 seconds
Platform modules already initialized, skipping
Refreshing native plugins compatible for Editor in 0.38 ms, found 1 plugins.
Preloading 0 native plugins for Editor in 0.00 ms.
Unloading 2155 Unused Serialized files (Serialized files now loaded: 0)
System memory in use before: 100.0 MB.
System memory in use after: 100.0 MB.

Unloading 12 unused Assets to reduce memory usage. Loaded Objects now: 2672.
Total: 1.993000 ms (FindLiveObjects: 0.214300 ms CreateObjectMapping: 0.093400 ms MarkObjects: 1.575400 ms  DeleteObjects: 0.108800 ms)

AssetImportParameters requested are different than current active one (requested -> active):
  requireTextureImportCompression: false -> true
========================================================================
Received Prepare
Registering precompiled user dll's ...
Registered in 0.001478 seconds.
Begin MonoManager ReloadAssembly
Native extension for WindowsStandalone target not found
Refreshing native plugins compatible for Editor in 0.38 ms, found 1 plugins.
Preloading 0 native plugins for Editor in 0.00 ms.
Invoked RoslynAnalysisRunner static constructor.
RoslynAnalysisRunner will not be running.
RoslynAnalysisRunner has terminated.
Mono: successfully reloaded assembly
- Completed reload, in  0.826 seconds
Platform modules already initialized, skipping
Refreshing native plugins compatible for Editor in 0.44 ms, found 1 plugins.
Preloading 0 native plugins for Editor in 0.00 ms.
Unloading 2155 Unused Serialized files (Serialized files now loaded: 0)
System memory in use before: 100.0 MB.
System memory in use after: 100.0 MB.

Unloading 12 unused Assets to reduce memory usage. Loaded Objects now: 2676.
Total: 2.177500 ms (FindLiveObjects: 0.323200 ms CreateObjectMapping: 0.166800 ms MarkObjects: 1.592000 ms  DeleteObjects: 0.093900 ms)

AssetImportParameters requested are different than current active one (requested -> active):
  requireTextureImportCompression: false -> true
========================================================================
Received Import Request.
  Time since last request: 146.006305 seconds.
  path: Assets/Slime/Script/Slime_Tearoff.cs
  artifactKey: Guid(545e4f2890e7b6a42a016bf3bd31b0d2) Importer(815301076,1909f56bfc062723c751e8b465ee728b)
Start importing Assets/Slime/Script/Slime_Tearoff.cs using Guid(545e4f2890e7b6a42a016bf3bd31b0d2) Importer(815301076,1909f56bfc062723c751e8b465ee728b)  -> (artifact id: 'fe4f8207306c94b276c2798bbb0adcf6') in 0.006709 seconds
  Import took 0.009787 seconds .

========================================================================
Received Import Request.
  Time since last request: 0.003649 seconds.
  path: Assets/Slime/Script/Slime_Tearoff.cs
  artifactKey: Guid(545e4f2890e7b6a42a016bf3bd31b0d2) Importer(815301076,1909f56bfc062723c751e8b465ee728b)
Start importing Assets/Slime/Script/Slime_Tearoff.cs using Guid(545e4f2890e7b6a42a016bf3bd31b0d2) Importer(815301076,1909f56bfc062723c751e8b465ee728b)  -> (artifact id: 'fe4f8207306c94b276c2798bbb0adcf6') in 0.004542 seconds
  Import took 0.008090 seconds .

========================================================================
Received Import Request.
  Time since last request: 284.511474 seconds.
  path: Assets/Slime/Script/Slime_Tearoff.cs
  artifactKey: Guid(545e4f2890e7b6a42a016bf3bd31b0d2) Importer(815301076,1909f56bfc062723c751e8b465ee728b)
Start importing Assets/Slime/Script/Slime_Tearoff.cs using Guid(545e4f2890e7b6a42a016bf3bd31b0d2) Importer(815301076,1909f56bfc062723c751e8b465ee728b)  -> (artifact id: '33014cb04bf5db9e0836ef4c2425b0d4') in 0.004821 seconds
  Import took 0.008262 seconds .

========================================================================
Received Import Request.
  Time since last request: 0.003001 seconds.
  path: Assets/Slime/Script/Slime_Tearoff.cs
  artifactKey: Guid(545e4f2890e7b6a42a016bf3bd31b0d2) Importer(815301076,1909f56bfc062723c751e8b465ee728b)
Start importing Assets/Slime/Script/Slime_Tearoff.cs using Guid(545e4f2890e7b6a42a016bf3bd31b0d2) Importer(815301076,1909f56bfc062723c751e8b465ee728b)  -> (artifact id: '33014cb04bf5db9e0836ef4c2425b0d4') in 0.004681 seconds
  Import took 0.007740 seconds .

========================================================================
Received Prepare
Registering precompiled user dll's ...
Registered in 0.001430 seconds.
Begin MonoManager ReloadAssembly
Native extension for WindowsStandalone target not found
Refreshing native plugins compatible for Editor in 0.37 ms, found 1 plugins.
Preloading 0 native plugins for Editor in 0.00 ms.
Invoked RoslynAnalysisRunner static constructor.
RoslynAnalysisRunner will not be running.
RoslynAnalysisRunner has terminated.
Mono: successfully reloaded assembly
- Completed reload, in  0.812 seconds
Platform modules already initialized, skipping
Refreshing native plugins compatible for Editor in 0.38 ms, found 1 plugins.
Preloading 0 native plugins for Editor in 0.00 ms.
Unloading 2155 Unused Serialized files (Serialized files now loaded: 0)
System memory in use before: 100.0 MB.
System memory in use after: 100.0 MB.

Unloading 12 unused Assets to reduce memory usage. Loaded Objects now: 2680.
Total: 2.167100 ms (FindLiveObjects: 0.192200 ms CreateObjectMapping: 0.194600 ms MarkObjects: 1.686000 ms  DeleteObjects: 0.093600 ms)

AssetImportParameters requested are different than current active one (requested -> active):
  requireTextureImportCompression: false -> true
========================================================================
Received Prepare
Registering precompiled user dll's ...
Registered in 0.001598 seconds.
Begin MonoManager ReloadAssembly
Native extension for WindowsStandalone target not found
Refreshing native plugins compatible for Editor in 0.39 ms, found 1 plugins.
Preloading 0 native plugins for Editor in 0.00 ms.
Invoked RoslynAnalysisRunner static constructor.
RoslynAnalysisRunner will not be running.
RoslynAnalysisRunner has terminated.
Mono: successfully reloaded assembly
- Completed reload, in  0.809 seconds
Platform modules already initialized, skipping
Refreshing native plugins compatible for Editor in 0.40 ms, found 1 plugins.
Preloading 0 native plugins for Editor in 0.00 ms.
Unloading 2155 Unused Serialized files (Serialized files now loaded: 0)
System memory in use before: 100.0 MB.
System memory in use after: 100.0 MB.

Unloading 12 unused Assets to reduce memory usage. Loaded Objects now: 2684.
Total: 2.034900 ms (FindLiveObjects: 0.224100 ms CreateObjectMapping: 0.099200 ms MarkObjects: 1.613500 ms  DeleteObjects: 0.097100 ms)

AssetImportParameters requested are different than current active one (requested -> active):
  requireTextureImportCompression: false -> true
========================================================================
Received Prepare
Registering precompiled user dll's ...
Registered in 0.001586 seconds.
Begin MonoManager ReloadAssembly
Native extension for WindowsStandalone target not found
Refreshing native plugins compatible for Editor in 0.39 ms, found 1 plugins.
Preloading 0 native plugins for Editor in 0.00 ms.
Invoked RoslynAnalysisRunner static constructor.
RoslynAnalysisRunner will not be running.
RoslynAnalysisRunner has terminated.
Mono: successfully reloaded assembly
- Completed reload, in  0.863 seconds
Platform modules already initialized, skipping
Refreshing native plugins compatible for Editor in 0.37 ms, found 1 plugins.
Preloading 0 native plugins for Editor in 0.00 ms.
Unloading 2155 Unused Serialized files (Serialized files now loaded: 0)
System memory in use before: 100.0 MB.
System memory in use after: 100.0 MB.

Unloading 12 unused Assets to reduce memory usage. Loaded Objects now: 2688.
Total: 1.959100 ms (FindLiveObjects: 0.241000 ms CreateObjectMapping: 0.087600 ms MarkObjects: 1.533100 ms  DeleteObjects: 0.096300 ms)

AssetImportParameters requested are different than current active one (requested -> active):
  requireTextureImportCompression: false -> true
========================================================================
Received Prepare
Registering precompiled user dll's ...
Registered in 0.001229 seconds.
Begin MonoManager ReloadAssembly
Native extension for WindowsStandalone target not found
Refreshing native plugins compatible for Editor in 0.66 ms, found 1 plugins.
Preloading 0 native plugins for Editor in 0.00 ms.
Invoked RoslynAnalysisRunner static constructor.
RoslynAnalysisRunner will not be running.
RoslynAnalysisRunner has terminated.
Mono: successfully reloaded assembly
- Completed reload, in  0.863 seconds
Platform modules already initialized, skipping
Refreshing native plugins compatible for Editor in 0.46 ms, found 1 plugins.
Preloading 0 native plugins for Editor in 0.00 ms.
Unloading 2155 Unused Serialized files (Serialized files now loaded: 0)
System memory in use before: 100.0 MB.
System memory in use after: 100.0 MB.

Unloading 12 unused Assets to reduce memory usage. Loaded Objects now: 2692.
Total: 2.198600 ms (FindLiveObjects: 0.372600 ms CreateObjectMapping: 0.183200 ms MarkObjects: 1.546900 ms  DeleteObjects: 0.094400 ms)

AssetImportParameters requested are different than current active one (requested -> active):
  requireTextureImportCompression: false -> true
========================================================================
Received Prepare
Registering precompiled user dll's ...
Registered in 0.001485 seconds.
Begin MonoManager ReloadAssembly
Native extension for WindowsStandalone target not found
Refreshing native plugins compatible for Editor in 0.61 ms, found 1 plugins.
Preloading 0 native plugins for Editor in 0.00 ms.
Invoked RoslynAnalysisRunner static constructor.
RoslynAnalysisRunner will not be running.
RoslynAnalysisRunner has terminated.
Mono: successfully reloaded assembly
- Completed reload, in  0.864 seconds
Platform modules already initialized, skipping
Refreshing native plugins compatible for Editor in 0.37 ms, found 1 plugins.
Preloading 0 native plugins for Editor in 0.00 ms.
Unloading 2155 Unused Serialized files (Serialized files now loaded: 0)
System memory in use before: 100.0 MB.
System memory in use after: 100.0 MB.

Unloading 12 unused Assets to reduce memory usage. Loaded Objects now: 2696.
Total: 1.967600 ms (FindLiveObjects: 0.218300 ms CreateObjectMapping: 0.098700 ms MarkObjects: 1.554000 ms  DeleteObjects: 0.095700 ms)

AssetImportParameters requested are different than current active one (requested -> active):
  requireTextureImportCompression: false -> true
========================================================================
Received Prepare
Registering precompiled user dll's ...
Registered in 0.001410 seconds.
Begin MonoManager ReloadAssembly
Native extension for WindowsStandalone target not found
Refreshing native plugins compatible for Editor in 0.36 ms, found 1 plugins.
Preloading 0 native plugins for Editor in 0.00 ms.
Invoked RoslynAnalysisRunner static constructor.
RoslynAnalysisRunner will not be running.
RoslynAnalysisRunner has terminated.
Mono: successfully reloaded assembly
- Completed reload, in  0.851 seconds
Platform modules already initialized, skipping
Refreshing native plugins compatible for Editor in 0.38 ms, found 1 plugins.
Preloading 0 native plugins for Editor in 0.00 ms.
Unloading 2155 Unused Serialized files (Serialized files now loaded: 0)
System memory in use before: 100.0 MB.
System memory in use after: 100.0 MB.

Unloading 12 unused Assets to reduce memory usage. Loaded Objects now: 2700.
Total: 2.267600 ms (FindLiveObjects: 0.367900 ms CreateObjectMapping: 0.166800 ms MarkObjects: 1.635500 ms  DeleteObjects: 0.096500 ms)

AssetImportParameters requested are different than current active one (requested -> active):
  requireTextureImportCompression: false -> true
========================================================================
Received Prepare
Registering precompiled user dll's ...
Registered in 0.001606 seconds.
Begin MonoManager ReloadAssembly
Native extension for WindowsStandalone target not found
Refreshing native plugins compatible for Editor in 0.37 ms, found 1 plugins.
Preloading 0 native plugins for Editor in 0.00 ms.
Invoked RoslynAnalysisRunner static constructor.
RoslynAnalysisRunner will not be running.
RoslynAnalysisRunner has terminated.
Mono: successfully reloaded assembly
- Completed reload, in  0.867 seconds
Platform modules already initialized, skipping
Refreshing native plugins compatible for Editor in 0.37 ms, found 1 plugins.
Preloading 0 native plugins for Editor in 0.00 ms.
Unloading 2155 Unused Serialized files (Serialized files now loaded: 0)
System memory in use before: 100.0 MB.
System memory in use after: 100.0 MB.

Unloading 12 unused Assets to reduce memory usage. Loaded Objects now: 2704.
Total: 2.055800 ms (FindLiveObjects: 0.209400 ms CreateObjectMapping: 0.114900 ms MarkObjects: 1.633800 ms  DeleteObjects: 0.096500 ms)

AssetImportParameters requested are different than current active one (requested -> active):
  requireTextureImportCompression: false -> true
========================================================================
Received Prepare
Registering precompiled user dll's ...
Registered in 0.001268 seconds.
Begin MonoManager ReloadAssembly
Native extension for WindowsStandalone target not found
Refreshing native plugins compatible for Editor in 0.36 ms, found 1 plugins.
Preloading 0 native plugins for Editor in 0.00 ms.
Invoked RoslynAnalysisRunner static constructor.
RoslynAnalysisRunner will not be running.
RoslynAnalysisRunner has terminated.
Mono: successfully reloaded assembly
- Completed reload, in  0.829 seconds
Platform modules already initialized, skipping
Refreshing native plugins compatible for Editor in 0.36 ms, found 1 plugins.
Preloading 0 native plugins for Editor in 0.00 ms.
Unloading 2155 Unused Serialized files (Serialized files now loaded: 0)
System memory in use before: 100.1 MB.
System memory in use after: 100.1 MB.

Unloading 12 unused Assets to reduce memory usage. Loaded Objects now: 2708.
Total: 2.317400 ms (FindLiveObjects: 0.449000 ms CreateObjectMapping: 0.180200 ms MarkObjects: 1.591100 ms  DeleteObjects: 0.095700 ms)

AssetImportParameters requested are different than current active one (requested -> active):
  requireTextureImportCompression: false -> true
========================================================================
Received Prepare
Registering precompiled user dll's ...
Registered in 0.001513 seconds.
Begin MonoManager ReloadAssembly
Native extension for WindowsStandalone target not found
Refreshing native plugins compatible for Editor in 0.40 ms, found 1 plugins.
Preloading 0 native plugins for Editor in 0.00 ms.
Invoked RoslynAnalysisRunner static constructor.
RoslynAnalysisRunner will not be running.
RoslynAnalysisRunner has terminated.
Mono: successfully reloaded assembly
- Completed reload, in  0.919 seconds
Platform modules already initialized, skipping
Refreshing native plugins compatible for Editor in 0.36 ms, found 1 plugins.
Preloading 0 native plugins for Editor in 0.00 ms.
Unloading 2155 Unused Serialized files (Serialized files now loaded: 0)
System memory in use before: 100.1 MB.
System memory in use after: 100.1 MB.

Unloading 12 unused Assets to reduce memory usage. Loaded Objects now: 2712.
Total: 2.089100 ms (FindLiveObjects: 0.212400 ms CreateObjectMapping: 0.144800 ms MarkObjects: 1.634000 ms  DeleteObjects: 0.096800 ms)

AssetImportParameters requested are different than current active one (requested -> active):
  requireTextureImportCompression: false -> true
========================================================================
Received Prepare
Registering precompiled user dll's ...
Registered in 0.001240 seconds.
Begin MonoManager ReloadAssembly
Native extension for WindowsStandalone target not found
Refreshing native plugins compatible for Editor in 0.42 ms, found 1 plugins.
Preloading 0 native plugins for Editor in 0.00 ms.
Invoked RoslynAnalysisRunner static constructor.
RoslynAnalysisRunner will not be running.
RoslynAnalysisRunner has terminated.
Mono: successfully reloaded assembly
- Completed reload, in  0.840 seconds
Platform modules already initialized, skipping
Refreshing native plugins compatible for Editor in 0.38 ms, found 1 plugins.
Preloading 0 native plugins for Editor in 0.00 ms.
Unloading 2155 Unused Serialized files (Serialized files now loaded: 0)
System memory in use before: 100.1 MB.
System memory in use after: 100.1 MB.

Unloading 12 unused Assets to reduce memory usage. Loaded Objects now: 2716.
Total: 1.982400 ms (FindLiveObjects: 0.240400 ms CreateObjectMapping: 0.134500 ms MarkObjects: 1.513400 ms  DeleteObjects: 0.093200 ms)

AssetImportParameters requested are different than current active one (requested -> active):
  requireTextureImportCompression: false -> true
========================================================================
Received Prepare
Registering precompiled user dll's ...
Registered in 0.001410 seconds.
Begin MonoManager ReloadAssembly
Native extension for WindowsStandalone target not found
Refreshing native plugins compatible for Editor in 0.37 ms, found 1 plugins.
Preloading 0 native plugins for Editor in 0.00 ms.
Invoked RoslynAnalysisRunner static constructor.
RoslynAnalysisRunner will not be running.
RoslynAnalysisRunner has terminated.
Mono: successfully reloaded assembly
- Completed reload, in  0.832 seconds
Platform modules already initialized, skipping
Refreshing native plugins compatible for Editor in 0.38 ms, found 1 plugins.
Preloading 0 native plugins for Editor in 0.00 ms.
Unloading 2155 Unused Serialized files (Serialized files now loaded: 0)
System memory in use before: 100.2 MB.
System memory in use after: 100.2 MB.

Unloading 12 unused Assets to reduce memory usage. Loaded Objects now: 2720.
Total: 1.999200 ms (FindLiveObjects: 0.270800 ms CreateObjectMapping: 0.089800 ms MarkObjects: 1.545100 ms  DeleteObjects: 0.092600 ms)

AssetImportParameters requested are different than current active one (requested -> active):
  requireTextureImportCompression: false -> true
========================================================================
Received Prepare
Registering precompiled user dll's ...
Registered in 0.002471 seconds.
Begin MonoManager ReloadAssembly
Native extension for WindowsStandalone target not found
Refreshing native plugins compatible for Editor in 0.40 ms, found 1 plugins.
Preloading 0 native plugins for Editor in 0.00 ms.
Invoked RoslynAnalysisRunner static constructor.
RoslynAnalysisRunner will not be running.
RoslynAnalysisRunner has terminated.
Mono: successfully reloaded assembly
- Completed reload, in  1.034 seconds
Platform modules already initialized, skipping
Refreshing native plugins compatible for Editor in 0.42 ms, found 1 plugins.
Preloading 0 native plugins for Editor in 0.00 ms.
Unloading 2155 Unused Serialized files (Serialized files now loaded: 0)
System memory in use before: 100.2 MB.
System memory in use after: 100.3 MB.

Unloading 12 unused Assets to reduce memory usage. Loaded Objects now: 2724.
Total: 2.975600 ms (FindLiveObjects: 0.455300 ms CreateObjectMapping: 0.283700 ms MarkObjects: 2.119700 ms  DeleteObjects: 0.115600 ms)

AssetImportParameters requested are different than current active one (requested -> active):
  requireTextureImportCompression: false -> true
AssetImportWorkerClient::OnTransportError - code=2 error=End of file
