Using pre-set license
Built from '2020.3/staging' branch; Version is '2020.3.0f1 (c7b5465681fb) revision 13088070'; Using compiler version '192528614'; Build Type 'Release'
OS: 'Windows 10 Pro; OS build 22000.493; Version 2009; 64bit' Language: 'ja' Physical Memory: 16205 MB
BatchMode: 1, IsHumanControllingUs: 0, StartBugReporterOnCrash: 0, Is64bit: 1, IsPro: 0

 COMMAND LINE ARGUMENTS:
C:\edeta\2020.3.0f1\Editor\Unity.exe
-adb2
-batchMode
-noUpm
-name
AssetImportWorker0
-projectPath
D:/GAMETAISYOU/GAMETAISYOU
-logFile
Logs/AssetImportWorker0.log
-srvPort
51307
Successfully changed project path to: D:/GAMETAISYOU/GAMETAISYOU
D:/GAMETAISYOU/GAMETAISYOU
Using Asset Import Pipeline V2.
Refreshing native plugins compatible for Editor in 81.94 ms, found 1 plugins.
Preloading 0 native plugins for Editor in 0.00 ms.
Initialize engine version: 2020.3.0f1 (c7b5465681fb)
[Subsystems] Discovering subsystems at path C:/edeta/2020.3.0f1/Editor/Data/Resources/UnitySubsystems
[Subsystems] Discovering subsystems at path D:/GAMETAISYOU/GAMETAISYOU/Assets
GfxDevice: creating device client; threaded=0
Direct3D:
    Version:  Direct3D 11.0 [level 11.1]
    Renderer: NVIDIA GeForce RTX 3060 Laptop GPU (ID=0x2520)
    Vendor:   
    VRAM:     6023 MB
    Driver:   27.21.14.6140
Initialize mono
Mono path[0] = 'C:/edeta/2020.3.0f1/Editor/Data/Managed'
Mono path[1] = 'C:/edeta/2020.3.0f1/Editor/Data/MonoBleedingEdge/lib/mono/unityjit'
Mono config path = 'C:/edeta/2020.3.0f1/Editor/Data/MonoBleedingEdge/etc'
Using monoOptions --debugger-agent=transport=dt_socket,embedding=1,server=y,suspend=n,address=127.0.0.1:56144
Begin MonoManager ReloadAssembly
Registering precompiled unity dll's ...
Register platform support module: C:/edeta/2020.3.0f1/Editor/Data/PlaybackEngines/WebGLSupport/UnityEditor.WebGL.Extensions.dll
Register platform support module: C:/edeta/2020.3.0f1/Editor/Data/PlaybackEngines/WindowsStandaloneSupport/UnityEditor.WindowsStandalone.Extensions.dll
Register platform support module: C:/edeta/2020.3.0f1/Editor/Data/PlaybackEngines/LinuxStandaloneSupport/UnityEditor.LinuxStandalone.Extensions.dll
Register platform support module: C:/edeta/2020.3.0f1/Editor/Data/PlaybackEngines/LuminSupport/UnityEditor.Lumin.Extensions.dll
Registered in 0.005007 seconds.
Native extension for Lumin target not found
Native extension for LinuxStandalone target not found
Native extension for WindowsStandalone target not found
Native extension for WebGL target not found
Refreshing native plugins compatible for Editor in 54.52 ms, found 1 plugins.
Preloading 0 native plugins for Editor in 0.00 ms.
Invoked RoslynAnalysisRunner static constructor.
RoslynAnalysisRunner will not be running.
RoslynAnalysisRunner has terminated.
Mono: successfully reloaded assembly
- Completed reload, in  2.175 seconds
Platform modules already initialized, skipping
Registering precompiled user dll's ...
Registered in 0.000991 seconds.
Begin MonoManager ReloadAssembly
Native extension for Lumin target not found
Native extension for LinuxStandalone target not found
Native extension for WindowsStandalone target not found
Native extension for WebGL target not found
Refreshing native plugins compatible for Editor in 64.14 ms, found 1 plugins.
Preloading 0 native plugins for Editor in 0.00 ms.
Invoked RoslynAnalysisRunner static constructor.
RoslynAnalysisRunner will not be running.
RoslynAnalysisRunner has terminated.
Mono: successfully reloaded assembly
- Completed reload, in  1.493 seconds
Platform modules already initialized, skipping
========================================================================
Worker process is ready to serve import requests
Launched and connected shader compiler UnityShaderCompiler.exe after 0.09 seconds
Refreshing native plugins compatible for Editor in 0.48 ms, found 1 plugins.
Preloading 0 native plugins for Editor in 0.00 ms.
Unloading 1814 Unused Serialized files (Serialized files now loaded: 0)
System memory in use before: 87.5 MB.
System memory in use after: 87.4 MB.

Unloading 24 unused Assets to reduce memory usage. Loaded Objects now: 2256.
Total: 3.043900 ms (FindLiveObjects: 0.200200 ms CreateObjectMapping: 0.094200 ms MarkObjects: 2.435800 ms  DeleteObjects: 0.311500 ms)

========================================================================
Received Import Request.
  path: Assets/SingleCubeMini_2D.prefab
  artifactKey: Guid(9bf9b30a2aef9fa43be914070f036f51) Importer(815301076,1909f56bfc062723c751e8b465ee728b)
Start importing Assets/SingleCubeMini_2D.prefab using Guid(9bf9b30a2aef9fa43be914070f036f51) Importer(815301076,1909f56bfc062723c751e8b465ee728b)  -> (artifact id: '2ae31167ca123b784577962fe28343cc') in 0.280603 seconds
  Import took 0.284738 seconds .

========================================================================
Received Import Request.
  Time since last request: 0.000346 seconds.
  path: Assets/CubeMini.prefab
  artifactKey: Guid(3b9cc2e7273713b42b95a7c969bf97ce) Importer(815301076,1909f56bfc062723c751e8b465ee728b)
Start importing Assets/CubeMini.prefab using Guid(3b9cc2e7273713b42b95a7c969bf97ce) Importer(815301076,1909f56bfc062723c751e8b465ee728b)  -> (artifact id: '6ea7110c734e86f4e0871f2773541e55') in 0.025088 seconds
  Import took 0.030510 seconds .

========================================================================
Received Import Request.
  Time since last request: 0.000460 seconds.
  path: Assets/New Material.mat
  artifactKey: Guid(daa729b42c0e70346aed6eba6cb543ef) Importer(815301076,1909f56bfc062723c751e8b465ee728b)
Start importing Assets/New Material.mat using Guid(daa729b42c0e70346aed6eba6cb543ef) Importer(815301076,1909f56bfc062723c751e8b465ee728b)  -> (artifact id: 'c1cf8b69fee3a837d6f55b8950514b9b') in 0.068725 seconds
  Import took 0.073497 seconds .

========================================================================
Received Import Request.
  Time since last request: 0.000418 seconds.
  path: Assets/CubeMini_2D.prefab
  artifactKey: Guid(ab1c67ac25330c14a83da215b9f54c08) Importer(815301076,1909f56bfc062723c751e8b465ee728b)
Start importing Assets/CubeMini_2D.prefab using Guid(ab1c67ac25330c14a83da215b9f54c08) Importer(815301076,1909f56bfc062723c751e8b465ee728b)  -> (artifact id: 'cefef814edf70d2e25293ec4a57ffca7') in 0.024553 seconds
  Import took 0.029754 seconds .

AssetImportWorkerClient::OnTransportError - code=2 error=End of file
